<?xml version="1.0" encoding="UTF-8"?>
<coverage generated="1694385988428" clover="3.2.0">
  <project timestamp="1694385988428" name="All files">
    <metrics statements="40" coveredstatements="33" conditionals="3" coveredconditionals="3" methods="17" coveredmethods="11" elements="60" coveredelements="47" complexity="0" loc="40" ncloc="40" packages="1" files="2" classes="2"/>
    <file name="Ship.ts" path="/Users/norsangnyandak/Documents/Fall 2023/CS490 Design In Software /Venusians/ip0-starter-code/src/Ship.ts">
      <metrics statements="33" coveredstatements="26" conditionals="3" coveredconditionals="3" methods="14" coveredmethods="8"/>
      <line num="3" count="1" type="stmt"/>
      <line num="4" count="1" type="stmt"/>
      <line num="14" count="5" type="stmt"/>
      <line num="17" count="5" type="stmt"/>
      <line num="18" count="5" type="stmt"/>
      <line num="19" count="5" type="stmt"/>
      <line num="20" count="5" type="stmt"/>
      <line num="24" count="1" type="stmt"/>
      <line num="28" count="6" type="stmt"/>
      <line num="32" count="12" type="stmt"/>
      <line num="36" count="0" type="stmt"/>
      <line num="40" count="6" type="stmt"/>
      <line num="41" count="6" type="stmt"/>
      <line num="42" count="12" type="cond" truecount="1" falsecount="0"/>
      <line num="43" count="5" type="stmt"/>
      <line num="47" count="6" type="stmt"/>
      <line num="48" count="5" type="stmt"/>
      <line num="51" count="6" type="stmt"/>
      <line num="55" count="0" type="stmt"/>
      <line num="56" count="0" type="stmt"/>
      <line num="60" count="0" type="stmt"/>
      <line num="61" count="0" type="stmt"/>
      <line num="62" count="0" type="stmt"/>
      <line num="67" count="1" type="stmt"/>
      <line num="68" count="1" type="stmt"/>
      <line num="70" count="1" type="stmt"/>
      <line num="71" count="6" type="stmt"/>
      <line num="72" count="6" type="cond" truecount="1" falsecount="0"/>
      <line num="73" count="6" type="cond" truecount="1" falsecount="0"/>
      <line num="74" count="1" type="stmt"/>
      <line num="76" count="5" type="stmt"/>
      <line num="77" count="5" type="stmt"/>
      <line num="81" count="0" type="stmt"/>
    </file>
    <file name="Venusian.ts" path="/Users/norsangnyandak/Documents/Fall 2023/CS490 Design In Software /Venusians/ip0-starter-code/src/Venusian.ts">
      <metrics statements="7" coveredstatements="7" conditionals="0" coveredconditionals="0" methods="3" coveredmethods="3"/>
      <line num="1" count="1" type="stmt"/>
      <line num="2" count="1" type="stmt"/>
      <line num="9" count="4" type="stmt"/>
      <line num="10" count="4" type="stmt"/>
      <line num="11" count="4" type="stmt"/>
      <line num="15" count="13" type="stmt"/>
      <line num="19" count="1" type="stmt"/>
    </file>
  </project>
</coverage>
