<?xml version="1.0" encoding="UTF-8"?>
<coverage generated="1694300511183" clover="3.2.0">
  <project timestamp="1694300511183" name="All files">
    <metrics statements="39" coveredstatements="31" conditionals="3" coveredconditionals="1" methods="18" coveredmethods="12" elements="60" coveredelements="44" complexity="0" loc="39" ncloc="39" packages="1" files="2" classes="2"/>
    <file name="Ship.ts" path="/Users/norsangnyandak/Documents/Fall 2023/CS490 Design In Software /ip0-starter-code/src/Ship.ts">
      <metrics statements="32" coveredstatements="24" conditionals="3" coveredconditionals="1" methods="15" coveredmethods="9"/>
      <line num="3" count="1" type="stmt"/>
      <line num="4" count="1" type="stmt"/>
      <line num="12" count="5" type="stmt"/>
      <line num="15" count="5" type="stmt"/>
      <line num="16" count="5" type="stmt"/>
      <line num="17" count="5" type="stmt"/>
      <line num="18" count="5" type="stmt"/>
      <line num="22" count="1" type="stmt"/>
      <line num="26" count="1" type="stmt"/>
      <line num="30" count="1" type="stmt"/>
      <line num="34" count="0" type="stmt"/>
      <line num="38" count="6" type="stmt"/>
      <line num="39" count="6" type="stmt"/>
      <line num="40" count="12" type="cond" truecount="1" falsecount="0"/>
      <line num="41" count="5" type="stmt"/>
      <line num="45" count="6" type="stmt"/>
      <line num="46" count="5" type="stmt"/>
      <line num="49" count="6" type="stmt"/>
      <line num="53" count="0" type="stmt"/>
      <line num="54" count="0" type="stmt"/>
      <line num="58" count="0" type="stmt"/>
      <line num="59" count="0" type="stmt"/>
      <line num="60" count="0" type="stmt"/>
      <line num="65" count="6" type="stmt"/>
      <line num="67" count="6" type="cond" truecount="0" falsecount="1"/>
      <line num="68" count="0" type="stmt"/>
      <line num="71" count="6" type="stmt"/>
      <line num="73" count="6" type="stmt"/>
      <line num="75" count="6" type="stmt"/>
      <line num="76" count="5" type="cond" truecount="0" falsecount="1"/>
      <line num="77" count="0" type="stmt"/>
      <line num="81" count="6" type="stmt"/>
    </file>
    <file name="Venusian.ts" path="/Users/norsangnyandak/Documents/Fall 2023/CS490 Design In Software /ip0-starter-code/src/Venusian.ts">
      <metrics statements="7" coveredstatements="7" conditionals="0" coveredconditionals="0" methods="3" coveredmethods="3"/>
      <line num="1" count="1" type="stmt"/>
      <line num="2" count="1" type="stmt"/>
      <line num="9" count="4" type="stmt"/>
      <line num="10" count="4" type="stmt"/>
      <line num="11" count="4" type="stmt"/>
      <line num="15" count="1" type="stmt"/>
      <line num="19" count="1" type="stmt"/>
    </file>
  </project>
</coverage>
