{"/Users/norsangnyandak/Documents/Fall 2023/CS490 Design In Software /ip0-starter-code/src/Ship.ts": {"path":"/Users/norsangnyandak/Documents/Fall 2023/CS490 Design In Software /ip0-starter-code/src/Ship.ts","statementMap":{"0":{"start":{"line":12,"column":2},"end":{"line":12,"column":17}},"1":{"start":{"line":15,"column":4},"end":{"line":15,"column":21}},"2":{"start":{"line":16,"column":4},"end":{"line":16,"column":31}},"3":{"start":{"line":17,"column":4},"end":{"line":17,"column":31}},"4":{"start":{"line":18,"column":4},"end":{"line":18,"column":50}},"5":{"start":{"line":22,"column":4},"end":{"line":22,"column":21}},"6":{"start":{"line":26,"column":4},"end":{"line":26,"column":26}},"7":{"start":{"line":30,"column":4},"end":{"line":30,"column":33}},"8":{"start":{"line":34,"column":4},"end":{"line":34,"column":79}},"9":{"start":{"line":34,"column":42},"end":{"line":34,"column":77}},"10":{"start":{"line":38,"column":4},"end":{"line":38,"column":24}},"11":{"start":{"line":39,"column":4},"end":{"line":43,"column":7}},"12":{"start":{"line":40,"column":6},"end":{"line":42,"column":null}},"13":{"start":{"line":41,"column":8},"end":{"line":41,"column":29}},"14":{"start":{"line":45,"column":4},"end":{"line":47,"column":7}},"15":{"start":{"line":46,"column":6},"end":{"line":46,"column":48}},"16":{"start":{"line":49,"column":4},"end":{"line":49,"column":27}},"17":{"start":{"line":53,"column":4},"end":{"line":53,"column":86}},"18":{"start":{"line":53,"column":49},"end":{"line":53,"column":84}},"19":{"start":{"line":54,"column":4},"end":{"line":54,"column":24}},"20":{"start":{"line":58,"column":4},"end":{"line":58,"column":24}},"21":{"start":{"line":59,"column":4},"end":{"line":61,"column":7}},"22":{"start":{"line":60,"column":6},"end":{"line":60,"column":34}},"23":{"start":{"line":65,"column":26},"end":{"line":65,"column":43}},"24":{"start":{"line":67,"column":4},"end":{"line":69,"column":null}},"25":{"start":{"line":68,"column":6},"end":{"line":68,"column":18}},"26":{"start":{"line":71,"column":4},"end":{"line":71,"column":45}},"27":{"start":{"line":73,"column":29},"end":{"line":73,"column":34}},"28":{"start":{"line":75,"column":4},"end":{"line":79,"column":7}},"29":{"start":{"line":76,"column":6},"end":{"line":78,"column":null}},"30":{"start":{"line":77,"column":8},"end":{"line":77,"column":34}},"31":{"start":{"line":81,"column":4},"end":{"line":81,"column":30}},"32":{"start":{"line":3,"column":0},"end":{"line":3,"column":21}},"33":{"start":{"line":4,"column":9},"end":{"line":4,"column":30}}},"fnMap":{"0":{"name":"(anonymous_0)","decl":{"start":{"line":14,"column":2},"end":{"line":14,"column":14}},"loc":{"start":{"line":14,"column":49},"end":{"line":19,"column":3}}},"1":{"name":"(anonymous_1)","decl":{"start":{"line":21,"column":2},"end":{"line":21,"column":9}},"loc":{"start":{"line":21,"column":9},"end":{"line":23,"column":3}}},"2":{"name":"(anonymous_2)","decl":{"start":{"line":25,"column":2},"end":{"line":25,"column":14}},"loc":{"start":{"line":25,"column":14},"end":{"line":27,"column":3}}},"3":{"name":"(anonymous_3)","decl":{"start":{"line":29,"column":2},"end":{"line":29,"column":17}},"loc":{"start":{"line":29,"column":17},"end":{"line":31,"column":3}}},"4":{"name":"(anonymous_4)","decl":{"start":{"line":33,"column":2},"end":{"line":33,"column":10}},"loc":{"start":{"line":33,"column":10},"end":{"line":35,"column":3}}},"5":{"name":"(anonymous_5)","decl":{"start":{"line":34,"column":26},"end":{"line":34,"column":27}},"loc":{"start":{"line":34,"column":42},"end":{"line":34,"column":77}}},"6":{"name":"(anonymous_6)","decl":{"start":{"line":37,"column":2},"end":{"line":37,"column":13}},"loc":{"start":{"line":37,"column":13},"end":{"line":50,"column":3}}},"7":{"name":"(anonymous_7)","decl":{"start":{"line":39,"column":22},"end":{"line":39,"column":23}},"loc":{"start":{"line":39,"column":37},"end":{"line":43,"column":5}}},"8":{"name":"(anonymous_8)","decl":{"start":{"line":45,"column":27},"end":{"line":45,"column":28}},"loc":{"start":{"line":45,"column":39},"end":{"line":47,"column":5}}},"9":{"name":"(anonymous_9)","decl":{"start":{"line":52,"column":2},"end":{"line":52,"column":14}},"loc":{"start":{"line":52,"column":14},"end":{"line":55,"column":3}}},"10":{"name":"(anonymous_10)","decl":{"start":{"line":53,"column":33},"end":{"line":53,"column":34}},"loc":{"start":{"line":53,"column":49},"end":{"line":53,"column":84}}},"11":{"name":"(anonymous_11)","decl":{"start":{"line":57,"column":2},"end":{"line":57,"column":18}},"loc":{"start":{"line":57,"column":18},"end":{"line":62,"column":3}}},"12":{"name":"(anonymous_12)","decl":{"start":{"line":59,"column":27},"end":{"line":59,"column":28}},"loc":{"start":{"line":59,"column":40},"end":{"line":61,"column":5}}},"13":{"name":"(anonymous_13)","decl":{"start":{"line":64,"column":2},"end":{"line":64,"column":20}},"loc":{"start":{"line":64,"column":20},"end":{"line":82,"column":3}}},"14":{"name":"(anonymous_14)","decl":{"start":{"line":75,"column":27},"end":{"line":75,"column":28}},"loc":{"start":{"line":75,"column":40},"end":{"line":79,"column":5}}}},"branchMap":{"0":{"loc":{"start":{"line":40,"column":6},"end":{"line":42,"column":null}},"type":"if","locations":[{"start":{"line":40,"column":6},"end":{"line":42,"column":null}}]},"1":{"loc":{"start":{"line":67,"column":4},"end":{"line":69,"column":null}},"type":"if","locations":[{"start":{"line":67,"column":4},"end":{"line":69,"column":null}}]},"2":{"loc":{"start":{"line":76,"column":6},"end":{"line":78,"column":null}},"type":"if","locations":[{"start":{"line":76,"column":6},"end":{"line":78,"column":null}}]}},"s":{"0":5,"1":5,"2":5,"3":5,"4":5,"5":1,"6":1,"7":1,"8":0,"9":0,"10":6,"11":6,"12":12,"13":5,"14":6,"15":5,"16":6,"17":0,"18":0,"19":0,"20":0,"21":0,"22":0,"23":6,"24":6,"25":0,"26":6,"27":6,"28":6,"29":5,"30":0,"31":6,"32":1,"33":1},"f":{"0":5,"1":1,"2":1,"3":1,"4":0,"5":0,"6":6,"7":12,"8":5,"9":0,"10":0,"11":0,"12":0,"13":6,"14":5},"b":{"0":[5],"1":[0],"2":[0]}}
,"/Users/norsangnyandak/Documents/Fall 2023/CS490 Design In Software /ip0-starter-code/src/Venusian.ts": {"path":"/Users/norsangnyandak/Documents/Fall 2023/CS490 Design In Software /ip0-starter-code/src/Venusian.ts","statementMap":{"0":{"start":{"line":9,"column":4},"end":{"line":9,"column":37}},"1":{"start":{"line":10,"column":4},"end":{"line":10,"column":26}},"2":{"start":{"line":11,"column":4},"end":{"line":11,"column":32}},"3":{"start":{"line":15,"column":4},"end":{"line":15,"column":29}},"4":{"start":{"line":19,"column":4},"end":{"line":19,"column":20}},"5":{"start":{"line":1,"column":0},"end":{"line":1,"column":21}},"6":{"start":{"line":2,"column":9},"end":{"line":2,"column":21}}},"fnMap":{"0":{"name":"(anonymous_0)","decl":{"start":{"line":8,"column":2},"end":{"line":8,"column":14}},"loc":{"start":{"line":8,"column":34},"end":{"line":12,"column":3}}},"1":{"name":"(anonymous_1)","decl":{"start":{"line":14,"column":2},"end":{"line":14,"column":9}},"loc":{"start":{"line":14,"column":9},"end":{"line":16,"column":3}}},"2":{"name":"(anonymous_2)","decl":{"start":{"line":18,"column":2},"end":{"line":18,"column":8}},"loc":{"start":{"line":18,"column":8},"end":{"line":20,"column":3}}}},"branchMap":{},"s":{"0":4,"1":4,"2":4,"3":1,"4":1,"5":1,"6":1},"f":{"0":4,"1":1,"2":1},"b":{}}
}
