{"/Users/norsangnyandak/Documents/Fall 2023/CS490 Design In Software /Venusians/ip0-starter-code/src/Ship.ts": {"path":"/Users/norsangnyandak/Documents/Fall 2023/CS490 Design In Software /Venusians/ip0-starter-code/src/Ship.ts","statementMap":{"0":{"start":{"line":14,"column":2},"end":{"line":14,"column":17}},"1":{"start":{"line":17,"column":4},"end":{"line":17,"column":21}},"2":{"start":{"line":18,"column":4},"end":{"line":18,"column":31}},"3":{"start":{"line":19,"column":4},"end":{"line":19,"column":31}},"4":{"start":{"line":20,"column":4},"end":{"line":20,"column":50}},"5":{"start":{"line":24,"column":4},"end":{"line":24,"column":21}},"6":{"start":{"line":28,"column":4},"end":{"line":28,"column":26}},"7":{"start":{"line":32,"column":4},"end":{"line":32,"column":33}},"8":{"start":{"line":36,"column":4},"end":{"line":36,"column":76}},"9":{"start":{"line":36,"column":42},"end":{"line":36,"column":74}},"10":{"start":{"line":40,"column":4},"end":{"line":40,"column":24}},"11":{"start":{"line":41,"column":4},"end":{"line":45,"column":7}},"12":{"start":{"line":42,"column":6},"end":{"line":44,"column":null}},"13":{"start":{"line":43,"column":8},"end":{"line":43,"column":29}},"14":{"start":{"line":47,"column":4},"end":{"line":49,"column":7}},"15":{"start":{"line":48,"column":6},"end":{"line":48,"column":48}},"16":{"start":{"line":51,"column":4},"end":{"line":51,"column":27}},"17":{"start":{"line":55,"column":4},"end":{"line":55,"column":83}},"18":{"start":{"line":55,"column":49},"end":{"line":55,"column":81}},"19":{"start":{"line":56,"column":4},"end":{"line":56,"column":24}},"20":{"start":{"line":60,"column":4},"end":{"line":60,"column":24}},"21":{"start":{"line":61,"column":4},"end":{"line":63,"column":7}},"22":{"start":{"line":62,"column":6},"end":{"line":62,"column":34}},"23":{"start":{"line":67,"column":26},"end":{"line":67,"column":43}},"24":{"start":{"line":68,"column":26},"end":{"line":68,"column":32}},"25":{"start":{"line":70,"column":4},"end":{"line":79,"column":null}},"26":{"start":{"line":71,"column":22},"end":{"line":71,"column":35}},"27":{"start":{"line":72,"column":6},"end":{"line":78,"column":null}},"28":{"start":{"line":73,"column":8},"end":{"line":75,"column":null}},"29":{"start":{"line":74,"column":10},"end":{"line":74,"column":22}},"30":{"start":{"line":76,"column":8},"end":{"line":76,"column":53}},"31":{"start":{"line":77,"column":8},"end":{"line":77,"column":46}},"32":{"start":{"line":81,"column":4},"end":{"line":81,"column":17}},"33":{"start":{"line":3,"column":0},"end":{"line":3,"column":21}},"34":{"start":{"line":4,"column":9},"end":{"line":4,"column":30}}},"fnMap":{"0":{"name":"(anonymous_0)","decl":{"start":{"line":16,"column":2},"end":{"line":16,"column":14}},"loc":{"start":{"line":16,"column":49},"end":{"line":21,"column":3}}},"1":{"name":"(anonymous_1)","decl":{"start":{"line":23,"column":2},"end":{"line":23,"column":9}},"loc":{"start":{"line":23,"column":9},"end":{"line":25,"column":3}}},"2":{"name":"(anonymous_2)","decl":{"start":{"line":27,"column":2},"end":{"line":27,"column":14}},"loc":{"start":{"line":27,"column":14},"end":{"line":29,"column":3}}},"3":{"name":"(anonymous_3)","decl":{"start":{"line":31,"column":2},"end":{"line":31,"column":17}},"loc":{"start":{"line":31,"column":17},"end":{"line":33,"column":3}}},"4":{"name":"(anonymous_4)","decl":{"start":{"line":35,"column":2},"end":{"line":35,"column":10}},"loc":{"start":{"line":35,"column":10},"end":{"line":37,"column":3}}},"5":{"name":"(anonymous_5)","decl":{"start":{"line":36,"column":26},"end":{"line":36,"column":27}},"loc":{"start":{"line":36,"column":42},"end":{"line":36,"column":74}}},"6":{"name":"(anonymous_6)","decl":{"start":{"line":39,"column":2},"end":{"line":39,"column":13}},"loc":{"start":{"line":39,"column":13},"end":{"line":52,"column":3}}},"7":{"name":"(anonymous_7)","decl":{"start":{"line":41,"column":22},"end":{"line":41,"column":23}},"loc":{"start":{"line":41,"column":37},"end":{"line":45,"column":5}}},"8":{"name":"(anonymous_8)","decl":{"start":{"line":47,"column":27},"end":{"line":47,"column":28}},"loc":{"start":{"line":47,"column":39},"end":{"line":49,"column":5}}},"9":{"name":"(anonymous_9)","decl":{"start":{"line":54,"column":2},"end":{"line":54,"column":14}},"loc":{"start":{"line":54,"column":14},"end":{"line":57,"column":3}}},"10":{"name":"(anonymous_10)","decl":{"start":{"line":55,"column":33},"end":{"line":55,"column":34}},"loc":{"start":{"line":55,"column":49},"end":{"line":55,"column":81}}},"11":{"name":"(anonymous_11)","decl":{"start":{"line":59,"column":2},"end":{"line":59,"column":18}},"loc":{"start":{"line":59,"column":18},"end":{"line":64,"column":3}}},"12":{"name":"(anonymous_12)","decl":{"start":{"line":61,"column":27},"end":{"line":61,"column":28}},"loc":{"start":{"line":61,"column":40},"end":{"line":63,"column":5}}},"13":{"name":"(anonymous_13)","decl":{"start":{"line":66,"column":2},"end":{"line":66,"column":20}},"loc":{"start":{"line":66,"column":20},"end":{"line":82,"column":3}}}},"branchMap":{"0":{"loc":{"start":{"line":42,"column":6},"end":{"line":44,"column":null}},"type":"if","locations":[{"start":{"line":42,"column":6},"end":{"line":44,"column":null}}]},"1":{"loc":{"start":{"line":72,"column":6},"end":{"line":78,"column":null}},"type":"if","locations":[{"start":{"line":72,"column":6},"end":{"line":78,"column":null}}]},"2":{"loc":{"start":{"line":73,"column":8},"end":{"line":75,"column":null}},"type":"if","locations":[{"start":{"line":73,"column":8},"end":{"line":75,"column":null}}]}},"s":{"0":5,"1":5,"2":5,"3":5,"4":5,"5":1,"6":6,"7":12,"8":0,"9":0,"10":6,"11":6,"12":12,"13":5,"14":6,"15":5,"16":6,"17":0,"18":0,"19":0,"20":0,"21":0,"22":0,"23":1,"24":1,"25":1,"26":6,"27":6,"28":6,"29":1,"30":5,"31":5,"32":0,"33":1,"34":1},"f":{"0":5,"1":1,"2":6,"3":12,"4":0,"5":0,"6":6,"7":12,"8":5,"9":0,"10":0,"11":0,"12":0,"13":1},"b":{"0":[5],"1":[6],"2":[1]}}
,"/Users/norsangnyandak/Documents/Fall 2023/CS490 Design In Software /Venusians/ip0-starter-code/src/Venusian.ts": {"path":"/Users/norsangnyandak/Documents/Fall 2023/CS490 Design In Software /Venusians/ip0-starter-code/src/Venusian.ts","statementMap":{"0":{"start":{"line":9,"column":4},"end":{"line":9,"column":37}},"1":{"start":{"line":10,"column":4},"end":{"line":10,"column":26}},"2":{"start":{"line":11,"column":4},"end":{"line":11,"column":32}},"3":{"start":{"line":15,"column":4},"end":{"line":15,"column":29}},"4":{"start":{"line":19,"column":4},"end":{"line":19,"column":20}},"5":{"start":{"line":1,"column":0},"end":{"line":1,"column":21}},"6":{"start":{"line":2,"column":9},"end":{"line":2,"column":21}}},"fnMap":{"0":{"name":"(anonymous_0)","decl":{"start":{"line":8,"column":2},"end":{"line":8,"column":14}},"loc":{"start":{"line":8,"column":34},"end":{"line":12,"column":3}}},"1":{"name":"(anonymous_1)","decl":{"start":{"line":14,"column":2},"end":{"line":14,"column":9}},"loc":{"start":{"line":14,"column":9},"end":{"line":16,"column":3}}},"2":{"name":"(anonymous_2)","decl":{"start":{"line":18,"column":2},"end":{"line":18,"column":8}},"loc":{"start":{"line":18,"column":8},"end":{"line":20,"column":3}}}},"branchMap":{},"s":{"0":4,"1":4,"2":4,"3":13,"4":1,"5":1,"6":1},"f":{"0":4,"1":13,"2":1},"b":{}}
}
