TN:
SF:src/Ship.ts
FN:16,(anonymous_0)
FN:23,(anonymous_1)
FN:27,(anonymous_2)
FN:31,(anonymous_3)
FN:35,(anonymous_4)
FN:36,(anonymous_5)
FN:39,(anonymous_6)
FN:41,(anonymous_7)
FN:47,(anonymous_8)
FN:54,(anonymous_9)
FN:55,(anonymous_10)
FN:59,(anonymous_11)
FN:61,(anonymous_12)
FN:66,(anonymous_13)
FNF:14
FNH:8
FNDA:5,(anonymous_0)
FNDA:1,(anonymous_1)
FNDA:6,(anonymous_2)
FNDA:12,(anonymous_3)
FNDA:0,(anonymous_4)
FNDA:0,(anonymous_5)
FNDA:6,(anonymous_6)
FNDA:12,(anonymous_7)
FNDA:5,(anonymous_8)
FNDA:0,(anonymous_9)
FNDA:0,(anonymous_10)
FNDA:0,(anonymous_11)
FNDA:0,(anonymous_12)
FNDA:1,(anonymous_13)
DA:3,1
DA:4,1
DA:14,5
DA:17,5
DA:18,5
DA:19,5
DA:20,5
DA:24,1
DA:28,6
DA:32,12
DA:36,0
DA:40,6
DA:41,6
DA:42,12
DA:43,5
DA:47,6
DA:48,5
DA:51,6
DA:55,0
DA:56,0
DA:60,0
DA:61,0
DA:62,0
DA:67,1
DA:68,1
DA:70,1
DA:71,6
DA:72,6
DA:73,6
DA:74,1
DA:76,5
DA:77,5
DA:81,0
LF:33
LH:26
BRDA:42,0,0,5
BRDA:72,1,0,6
BRDA:73,2,0,1
BRF:3
BRH:3
end_of_record
TN:
SF:src/Venusian.ts
FN:8,(anonymous_0)
FN:14,(anonymous_1)
FN:18,(anonymous_2)
FNF:3
FNH:3
FNDA:4,(anonymous_0)
FNDA:13,(anonymous_1)
FNDA:1,(anonymous_2)
DA:1,1
DA:2,1
DA:9,4
DA:10,4
DA:11,4
DA:15,13
DA:19,1
LF:7
LH:7
BRF:0
BRH:0
end_of_record
