TN:
SF:src/Ship.ts
FN:14,(anonymous_0)
FN:21,(anonymous_1)
FN:25,(anonymous_2)
FN:29,(anonymous_3)
FN:33,(anonymous_4)
FN:34,(anonymous_5)
FN:37,(anonymous_6)
FN:39,(anonymous_7)
FN:45,(anonymous_8)
FN:52,(anonymous_9)
FN:53,(anonymous_10)
FN:57,(anonymous_11)
FN:59,(anonymous_12)
FN:64,(anonymous_13)
FN:75,(anonymous_14)
FNF:15
FNH:9
FNDA:5,(anonymous_0)
FNDA:1,(anonymous_1)
FNDA:1,(anonymous_2)
FNDA:1,(anonymous_3)
FNDA:0,(anonymous_4)
FNDA:0,(anonymous_5)
FNDA:6,(anonymous_6)
FNDA:12,(anonymous_7)
FNDA:5,(anonymous_8)
FNDA:0,(anonymous_9)
FNDA:0,(anonymous_10)
FNDA:0,(anonymous_11)
FNDA:0,(anonymous_12)
FNDA:6,(anonymous_13)
FNDA:5,(anonymous_14)
DA:3,1
DA:4,1
DA:12,5
DA:15,5
DA:16,5
DA:17,5
DA:18,5
DA:22,1
DA:26,1
DA:30,1
DA:34,0
DA:38,6
DA:39,6
DA:40,12
DA:41,5
DA:45,6
DA:46,5
DA:49,6
DA:53,0
DA:54,0
DA:58,0
DA:59,0
DA:60,0
DA:65,6
DA:67,6
DA:68,0
DA:71,6
DA:73,6
DA:75,6
DA:76,5
DA:77,0
DA:81,6
LF:32
LH:24
BRDA:40,0,0,5
BRDA:67,1,0,0
BRDA:76,2,0,0
BRF:3
BRH:1
end_of_record
TN:
SF:src/Venusian.ts
FN:8,(anonymous_0)
FN:14,(anonymous_1)
FN:18,(anonymous_2)
FNF:3
FNH:3
FNDA:4,(anonymous_0)
FNDA:1,(anonymous_1)
FNDA:1,(anonymous_2)
DA:1,1
DA:2,1
DA:9,4
DA:10,4
DA:11,4
DA:15,1
DA:19,1
LF:7
LH:7
BRF:0
BRH:0
end_of_record
